<?xml version="1.0" encoding="UTF-8"?>
<!-- Generated by org.testng.reporters.JUnitReportReporter -->
<testsuite skipped="0" hostname="DESKTOP-GN08MLA" name="testcases.Searchphone" tests="3" failures="0" timestamp="2020-07-01T17:27:24 EDT" time="0.009" errors="0">
  <testcase name="search" time="0.007" classname="testcases.Searchphone"/>
  <testcase name="selectphone" time="0.001" classname="testcases.Searchphone"/>
  <testcase name="checkout" time="0.001" classname="testcases.Searchphone"/>
</testsuite> <!-- testcases.Searchphone -->
